# JRE version: OpenJDK Runtime Environment (8.0_112-b06) (build 1.8.0_112-release-b06)
# Java VM: OpenJDK 64-Bit Server VM (25.112-b06 mixed mode windows-amd64 compressed oops)
Heap:
 PSYoungGen      total 372224K, used 31179K [0x00000000e0000000, 0x00000000faa80000, 0x0000000100000000)
  eden space 318976K, 7% used [0x00000000e0000000,0x00000000e18e2c00,0x00000000f3780000)
  from space 53248K, 10% used [0x00000000f7680000,0x00000000f7c10088,0x00000000faa80000)
  to   space 58880K, 0% used [0x00000000f3780000,0x00000000f3780000,0x00000000f7100000)
 ParOldGen       total 148480K, used 103560K [0x00000000a0000000, 0x00000000a9100000, 0x00000000e0000000)
  object space 148480K, 69% used [0x00000000a0000000,0x00000000a6522230,0x00000000a9100000)
 Metaspace       used 87265K, capacity 93590K, committed 93912K, reserved 1132544K
  class space    used 10715K, capacity 11641K, committed 11736K, reserved 1048576K
GC Heap History (10 events):
Event: 19091.279 GC heap before
{Heap before GC invocations=62 (full 4):
 PSYoungGen      total 310784K, used 246729K [0x00000000e0000000, 0x00000000f9800000, 0x0000000100000000)
  eden space 241664K, 100% used [0x00000000e0000000,0x00000000eec00000,0x00000000eec00000)
  from space 69120K, 7% used [0x00000000eec00000,0x00000000ef0f2520,0x00000000f2f80000)
  to   space 67584K, 0% used [0x00000000f5600000,0x00000000f5600000,0x00000000f9800000)
 ParOldGen       total 148480K, used 93607K [0x00000000a0000000, 0x00000000a9100000, 0x00000000e0000000)
  object space 148480K, 63% used [0x00000000a0000000,0x00000000a5b69d38,0x00000000a9100000)
 Metaspace       used 86277K, capacity 91890K, committed 92120K, reserved 1130496K
  class space    used 10600K, capacity 11461K, committed 11480K, reserved 1048576K
Event: 19091.311 GC heap after
Heap after GC invocations=62 (full 4):
 PSYoungGen      total 335872K, used 21264K [0x00000000e0000000, 0x00000000f8c80000, 0x0000000100000000)
  eden space 280064K, 0% used [0x00000000e0000000,0x00000000e0000000,0x00000000f1180000)
  from space 55808K, 38% used [0x00000000f5600000,0x00000000f6ac40e0,0x00000000f8c80000)
  to   space 62976K, 0% used [0x00000000f1180000,0x00000000f1180000,0x00000000f4f00000)
 ParOldGen       total 148480K, used 93759K [0x00000000a0000000, 0x00000000a9100000, 0x00000000e0000000)
  object space 148480K, 63% used [0x00000000a0000000,0x00000000a5b8fd38,0x00000000a9100000)
 Metaspace       used 86277K, capacity 91890K, committed 92120K, reserved 1130496K
  class space    used 10600K, capacity 11461K, committed 11480K, reserved 1048576K
}
Event: 19093.426 GC heap before
{Heap before GC invocations=63 (full 4):
 PSYoungGen      total 335872K, used 300691K [0x00000000e0000000, 0x00000000f8c80000, 0x0000000100000000)
  eden space 280064K, 99% used [0x00000000e0000000,0x00000000f10e0d78,0x00000000f1180000)
  from space 55808K, 38% used [0x00000000f5600000,0x00000000f6ac40e0,0x00000000f8c80000)
  to   space 62976K, 0% used [0x00000000f1180000,0x00000000f1180000,0x00000000f4f00000)
 ParOldGen       total 148480K, used 93759K [0x00000000a0000000, 0x00000000a9100000, 0x00000000e0000000)
  object space 148480K, 63% used [0x00000000a0000000,0x00000000a5b8fd38,0x00000000a9100000)
 Metaspace       used 86374K, capacity 92024K, committed 92120K, reserved 1130496K
  class space    used 10601K, capacity 11462K, committed 11480K, reserved 1048576K
Event: 19093.442 GC heap after
Heap after GC invocations=63 (full 4):
 PSYoungGen      total 343040K, used 7613K [0x00000000e0000000, 0x00000000fb200000, 0x0000000100000000)
  eden space 280064K, 0% used [0x00000000e0000000,0x00000000e0000000,0x00000000f1180000)
  from space 62976K, 12% used [0x00000000f1180000,0x00000000f18ef680,0x00000000f4f00000)
  to   space 60928K, 0% used [0x00000000f7680000,0x00000000f7680000,0x00000000fb200000)
 ParOldGen       total 148480K, used 102297K [0x00000000a0000000, 0x00000000a9100000, 0x00000000e0000000)
  object space 148480K, 68% used [0x00000000a0000000,0x00000000a63e6438,0x00000000a9100000)
 Metaspace       used 86374K, capacity 92024K, committed 92120K, reserved 1130496K
  class space    used 10601K, capacity 11462K, committed 11480K, reserved 1048576K
}
Event: 20076.880 GC heap before
{Heap before GC invocations=64 (full 4):
 PSYoungGen      total 343040K, used 287677K [0x00000000e0000000, 0x00000000fb200000, 0x0000000100000000)
  eden space 280064K, 100% used [0x00000000e0000000,0x00000000f1180000,0x00000000f1180000)
  from space 62976K, 12% used [0x00000000f1180000,0x00000000f18ef680,0x00000000f4f00000)
  to   space 60928K, 0% used [0x00000000f7680000,0x00000000f7680000,0x00000000fb200000)
 ParOldGen       total 148480K, used 102297K [0x00000000a0000000, 0x00000000a9100000, 0x00000000e0000000)
  object space 148480K, 68% used [0x00000000a0000000,0x00000000a63e6438,0x00000000a9100000)
 Metaspace       used 86647K, capacity 92452K, committed 92760K, reserved 1130496K
  class space    used 10633K, capacity 11508K, committed 11608K, reserved 1048576K
Event: 20076.891 GC heap after
Heap after GC invocations=64 (full 4):
 PSYoungGen      total 372224K, used 8847K [0x00000000e0000000, 0x00000000faa80000, 0x0000000100000000)
  eden space 318976K, 0% used [0x00000000e0000000,0x00000000e0000000,0x00000000f3780000)
  from space 53248K, 16% used [0x00000000f7680000,0x00000000f7f23cf0,0x00000000faa80000)
  to   space 58880K, 0% used [0x00000000f3780000,0x00000000f3780000,0x00000000f7100000)
 ParOldGen       total 148480K, used 102563K [0x00000000a0000000, 0x00000000a9100000, 0x00000000e0000000)
  object space 148480K, 69% used [0x00000000a0000000,0x00000000a6428f80,0x00000000a9100000)
 Metaspace       used 86647K, capacity 92452K, committed 92760K, reserved 1130496K
  class space    used 10633K, capacity 11508K, committed 11608K, reserved 1048576K
}
Event: 20115.962 GC heap before
{Heap before GC invocations=65 (full 4):
 PSYoungGen      total 372224K, used 327823K [0x00000000e0000000, 0x00000000faa80000, 0x0000000100000000)
  eden space 318976K, 100% used [0x00000000e0000000,0x00000000f3780000,0x00000000f3780000)
  from space 53248K, 16% used [0x00000000f7680000,0x00000000f7f23cf0,0x00000000faa80000)
  to   space 58880K, 0% used [0x00000000f3780000,0x00000000f3780000,0x00000000f7100000)
 ParOldGen       total 148480K, used 102563K [0x00000000a0000000, 0x00000000a9100000, 0x00000000e0000000)
  object space 148480K, 69% used [0x00000000a0000000,0x00000000a6428f80,0x00000000a9100000)
 Metaspace       used 87155K, capacity 93428K, committed 93656K, reserved 1130496K
  class space    used 10704K, capacity 11630K, committed 11736K, reserved 1048576K
Event: 20115.999 GC heap after
Heap after GC invocations=65 (full 4):
 PSYoungGen      total 377856K, used 34740K [0x00000000e0000000, 0x00000000faa80000, 0x0000000100000000)
  eden space 318976K, 0% used [0x00000000e0000000,0x00000000e0000000,0x00000000f3780000)
  from space 58880K, 59% used [0x00000000f3780000,0x00000000f596d278,0x00000000f7100000)
  to   space 53248K, 0% used [0x00000000f7680000,0x00000000f7680000,0x00000000faa80000)
 ParOldGen       total 148480K, used 103067K [0x00000000a0000000, 0x00000000a9100000, 0x00000000e0000000)
  object space 148480K, 69% used [0x00000000a0000000,0x00000000a64a6fe0,0x00000000a9100000)
 Metaspace       used 87155K, capacity 93428K, committed 93656K, reserved 1130496K
  class space    used 10704K, capacity 11630K, committed 11736K, reserved 1048576K
}
Event: 20224.433 GC heap before
{Heap before GC invocations=66 (full 4):
 PSYoungGen      total 377856K, used 353716K [0x00000000e0000000, 0x00000000faa80000, 0x0000000100000000)
  eden space 318976K, 100% used [0x00000000e0000000,0x00000000f3780000,0x00000000f3780000)
  from space 58880K, 59% used [0x00000000f3780000,0x00000000f596d278,0x00000000f7100000)
  to   space 53248K, 0% used [0x00000000f7680000,0x00000000f7680000,0x00000000faa80000)
 ParOldGen       total 148480K, used 103067K [0x00000000a0000000, 0x00000000a9100000, 0x00000000e0000000)
  object space 148480K, 69% used [0x00000000a0000000,0x00000000a64a6fe0,0x00000000a9100000)
 Metaspace       used 87260K, capacity 93590K, committed 93912K, reserved 1132544K
  class space    used 10715K, capacity 11641K, committed 11736K, reserved 1048576K
Event: 20224.441 GC heap after
Heap after GC invocations=66 (full 4):
 PSYoungGen      total 372224K, used 5696K [0x00000000e0000000, 0x00000000faa80000, 0x0000000100000000)
  eden space 318976K, 0% used [0x00000000e0000000,0x00000000e0000000,0x00000000f3780000)
  from space 53248K, 10% used [0x00000000f7680000,0x00000000f7c10088,0x00000000faa80000)
  to   space 58880K, 0% used [0x00000000f3780000,0x00000000f3780000,0x00000000f7100000)
 ParOldGen       total 148480K, used 103560K [0x00000000a0000000, 0x00000000a9100000, 0x00000000e0000000)
  object space 148480K, 69% used [0x00000000a0000000,0x00000000a6522230,0x00000000a9100000)
 Metaspace       used 87260K, capacity 93590K, committed 93912K, reserved 1132544K
  class space    used 10715K, capacity 11641K, committed 11736K, reserved 1048576K
}

